<?xml version="1.0" encoding="UTF-8"?>
<testng-results ignored="0" total="1" passed="1" failed="0" skipped="0">
  <reporter-output>
  </reporter-output>
  <suite started-at="2021-12-16T22:31:00 MST" name="Default suite" finished-at="2021-12-16T22:31:13 MST" duration-ms="13309">
    <groups>
    </groups>
    <test started-at="2021-12-16T22:31:00 MST" name="Default test" finished-at="2021-12-16T22:31:13 MST" duration-ms="13309">
      <class name="obsqura5.Example5">
        <test-method is-config="true" signature="beforeTest()[pri:0, instance:obsqura5.Example5@2accdbb5]" started-at="2021-12-16T22:31:00 MST" name="beforeTest" finished-at="2021-12-16T22:31:05 MST" duration-ms="4637" status="PASS">
          <reporter-output>
          </reporter-output>
        </test-method> <!-- beforeTest -->
        <test-method signature="f()[pri:0, instance:obsqura5.Example5@2accdbb5]" started-at="2021-12-16T22:31:05 MST" name="f" finished-at="2021-12-16T22:31:13 MST" duration-ms="8323" status="PASS">
          <reporter-output>
          </reporter-output>
        </test-method> <!-- f -->
        <test-method is-config="true" signature="afterTest()[pri:0, instance:obsqura5.Example5@2accdbb5]" started-at="2021-12-16T22:31:13 MST" name="afterTest" finished-at="2021-12-16T22:31:13 MST" duration-ms="272" status="PASS">
          <reporter-output>
          </reporter-output>
        </test-method> <!-- afterTest -->
      </class> <!-- obsqura5.Example5 -->
    </test> <!-- Default test -->
  </suite> <!-- Default suite -->
</testng-results>
